<?xml version="1.0" encoding="UTF-8"?>
<!-- Generated by org.testng.reporters.JUnitReportReporter -->
<testsuite hostname="DESKTOP-4RM8KQM" failures="0" tests="1" name="com.adiv.testscript.Endtoend" time="11.085" errors="0" timestamp="2025-04-03T16:19:33 IST" skipped="0">
  <testcase classname="com.adiv.testscript.Endtoend" name="Endtoend" time="11.085">
    <system-out>
      <![CDATA[Endtoend has been passed]]>
    </system-out>
  </testcase> <!-- Endtoend -->
  <system-out>
    <![CDATA[openBrowser
Endtoend has been passed]]>
  </system-out>
</testsuite> <!-- com.adiv.testscript.Endtoend -->
