<?xml version="1.0" encoding="UTF-8"?>
<!-- Generated by org.testng.reporters.JUnitReportReporter -->
<testsuite hostname="DESKTOP-4RM8KQM" failures="0" tests="1" name="com.adiv.testscript.CampaignModule" time="4.845" errors="0" timestamp="2024-12-03T20:38:19 IST" skipped="0">
  <testcase classname="com.adiv.testscript.CampaignModule" name="createCampaign" time="4.845"/>
  <system-out>
    <![CDATA[createCampaign has been passed]]>
  </system-out>
</testsuite> <!-- com.adiv.testscript.CampaignModule -->
