<?xml version="1.0" encoding="UTF-8"?>
<!-- Generated by org.testng.reporters.JUnitReportReporter -->
<testsuite hostname="DESKTOP-4RM8KQM" failures="0" tests="1" name="com.adiv.testscript.CampaignModule" time="14.696" errors="0" timestamp="2024-12-20T22:15:47 IST" skipped="0">
  <testcase classname="com.adiv.testscript.CampaignModule" name="CampaignModule" time="14.696"/>
  <system-out>
    <![CDATA[CampaignModule has been passed]]>
  </system-out>
</testsuite> <!-- com.adiv.testscript.CampaignModule -->
