<?xml version="1.0" encoding="UTF-8"?>
<!-- Generated by org.testng.reporters.JUnitReportReporter -->
<testsuite hostname="DESKTOP-4RM8KQM" failures="0" tests="1" name="com.adiv.testscript.AccountModule" time="0.013" errors="0" timestamp="2024-11-29T15:18:26 IST" skipped="0">
  <testcase classname="com.adiv.testscript.AccountModule" name="createAccount" time="0.013">
    <system-out>
      <![CDATA[createAccount]]>
    </system-out>
  </testcase> <!-- createAccount -->
  <system-out>
    <![CDATA[createAccount]]>
  </system-out>
</testsuite> <!-- com.adiv.testscript.AccountModule -->
