<?xml version="1.0" encoding="UTF-8"?>
<!-- Generated by org.testng.reporters.JUnitReportReporter -->
<testsuite hostname="DESKTOP-4RM8KQM" failures="0" tests="1" name="com.adiv.testscript.CampaignsModule" time="8.709" errors="0" timestamp="2025-04-04T17:38:36 IST" skipped="0">
  <testcase classname="com.adiv.testscript.CampaignsModule" name="CampaignModule" time="8.709">
    <system-out>
      <![CDATA[CampaignModule has been passed]]>
    </system-out>
  </testcase> <!-- CampaignModule -->
  <system-out>
    <![CDATA[openBrowser
CampaignModule has been passed]]>
  </system-out>
</testsuite> <!-- com.adiv.testscript.CampaignsModule -->
