<?xml version="1.0" encoding="UTF-8"?>
<!-- Generated by org.testng.reporters.JUnitReportReporter -->
<testsuite hostname="DESKTOP-4RM8KQM" failures="0" tests="1" name="com.adiv.testscript.VendorsModule" time="8.061" errors="0" timestamp="2025-04-04T17:39:10 IST" skipped="0">
  <testcase classname="com.adiv.testscript.VendorsModule" name="VendorsModule" time="8.061">
    <system-out>
      <![CDATA[VendorsModule has been passed]]>
    </system-out>
  </testcase> <!-- VendorsModule -->
  <system-out>
    <![CDATA[openBrowser
VendorsModule has been passed]]>
  </system-out>
</testsuite> <!-- com.adiv.testscript.VendorsModule -->
